============================================================
分类网络对比实验配置
============================================================
  设备: cuda
  数据目录: H:\孪生网络训练\classification_comparison\..\omniglot_data
  总类别数: 1623
  图像尺寸: 105x105
  CNN架构: [(64, 10), (128, 7), (128, 4), (256, 4)]
  FC维度: 4096
  MLP隐藏层: 1024
  批大小: 128
  最大轮数: 100
  学习率: 0.001
  KNN K值: 1
============================================================

============================================================
分类网络对比实验
============================================================

实验目的：对比两种分类方法在Omniglot数据集上的性能

方法1：
  - 数据划分：原始one-shot划分（30字母表训练，10验证，10测试）
  - 模型：CNN特征提取器 + K=1最近邻分类

方法2：
  - 数据划分：按字符12:4:4划分（每个字符20书写者）
  - 模型：CNN + MLP分类头，端到端训练

============================================================
阶段1：方法1（最近邻法）
============================================================

============================================================
[方法1] 训练分类网络 + 最近邻测试
  数据划分：按字符12:4:4划分（与方法2相同）
  区别：测试时使用K=1最近邻而非直接分类
============================================================
[方法2] 从缓存加载数据...
  总类别数: 1623
  训练集: 19476 张
  验证集: 6492 张
  测试集: 6492 张
  模型参数量: 44,814,743

开始训练...
  Epoch   1/100 | Loss: 7.0492 | Train Acc: 0.0044 | Val Acc: 0.0028 | LR: 0.001000 | Time: 20.6s
  Epoch   2/100 | Loss: 5.8743 | Train Acc: 0.0268 | Val Acc: 0.0451 | LR: 0.000995 | Time: 19.9s
  Epoch   3/100 | Loss: 5.2445 | Train Acc: 0.0511 | Val Acc: 0.0049 | LR: 0.000990 | Time: 19.9s
  Epoch   4/100 | Loss: 4.8213 | Train Acc: 0.0738 | Val Acc: 0.0263 | LR: 0.000985 | Time: 20.3s
  Epoch   5/100 | Loss: 4.5150 | Train Acc: 0.0946 | Val Acc: 0.0823 | LR: 0.000980 | Time: 20.2s
  Epoch   6/100 | Loss: 4.2748 | Train Acc: 0.1148 | Val Acc: 0.1009 | LR: 0.000975 | Time: 20.2s
  Epoch   7/100 | Loss: 4.0722 | Train Acc: 0.1379 | Val Acc: 0.0189 | LR: 0.000970 | Time: 20.5s
  Epoch   8/100 | Loss: 3.8905 | Train Acc: 0.1539 | Val Acc: 0.2244 | LR: 0.000966 | Time: 46.3s
  Epoch   9/100 | Loss: 3.6813 | Train Acc: 0.1801 | Val Acc: 0.2662 | LR: 0.000961 | Time: 46.3s
  Epoch  10/100 | Loss: 3.5384 | Train Acc: 0.1951 | Val Acc: 0.1828 | LR: 0.000956 | Time: 22.8s
  Epoch  11/100 | Loss: 3.3897 | Train Acc: 0.2162 | Val Acc: 0.3004 | LR: 0.000951 | Time: 41.7s
  Epoch  12/100 | Loss: 3.2519 | Train Acc: 0.2295 | Val Acc: 0.3356 | LR: 0.000946 | Time: 46.2s
  Epoch  13/100 | Loss: 3.1379 | Train Acc: 0.2482 | Val Acc: 0.1462 | LR: 0.000942 | Time: 46.4s
